Successfully created bot! My Player ID is 1. Bot rng seed is 431173345656.
=============== TURN 1 ================
Durata milisecunde: 1 ms.
Durata nanosecunde: 1000000 nano.
=============== TURN 2 ================
Barca 0
Durata milisecunde: 0 ms.
Durata nanosecunde: 0 nano.
=============== TURN 3 ================
Barca 0
Durata milisecunde: 0 ms.
Durata nanosecunde: 0 nano.
=============== TURN 4 ================
Barca 0
Durata milisecunde: 0 ms.
Durata nanosecunde: 0 nano.
=============== TURN 5 ================
Barca 0
Durata milisecunde: 0 ms.
Durata nanosecunde: 0 nano.
=============== TURN 6 ================
Barca 0
Durata milisecunde: 0 ms.
Durata nanosecunde: 0 nano.
=============== TURN 7 ================
Barca 0
Durata milisecunde: 0 ms.
Durata nanosecunde: 0 nano.
=============== TURN 8 ================
Barca 0
Durata milisecunde: 0 ms.
Durata nanosecunde: 0 nano.
=============== TURN 9 ================
Barca 0
Durata milisecunde: 0 ms.
Durata nanosecunde: 0 nano.
=============== TURN 10 ================
Barca 0
Durata milisecunde: 0 ms.
Durata nanosecunde: 0 nano.
=============== TURN 11 ================
Barca 0
Durata milisecunde: 0 ms.
Durata nanosecunde: 0 nano.
=============== TURN 12 ================
Barca 0
Durata milisecunde: 0 ms.
Durata nanosecunde: 0 nano.
=============== TURN 13 ================
Barca 0
Durata milisecunde: 0 ms.
Durata nanosecunde: 0 nano.
=============== TURN 14 ================
Barca 0
Durata milisecunde: 1 ms.
Durata nanosecunde: 1000000 nano.
=============== TURN 15 ================
Barca 0
Durata milisecunde: 0 ms.
Durata nanosecunde: 0 nano.
=============== TURN 16 ================
Barca 0
Durata milisecunde: 0 ms.
Durata nanosecunde: 0 nano.
=============== TURN 17 ================
Barca 0
Durata milisecunde: 0 ms.
Durata nanosecunde: 0 nano.
=============== TURN 18 ================
Barca 0
Durata milisecunde: 0 ms.
Durata nanosecunde: 0 nano.
=============== TURN 19 ================
Barca 0
Durata milisecunde: 0 ms.
Durata nanosecunde: 0 nano.
=============== TURN 20 ================
Barca 0
Durata milisecunde: 0 ms.
Durata nanosecunde: 0 nano.
=============== TURN 21 ================
Barca 0
Durata milisecunde: 0 ms.
Durata nanosecunde: 0 nano.
=============== TURN 22 ================
Barca 0
Durata milisecunde: 0 ms.
Durata nanosecunde: 0 nano.
=============== TURN 23 ================
Barca 0
Durata milisecunde: 0 ms.
Durata nanosecunde: 0 nano.
=============== TURN 24 ================
Barca 0
Durata milisecunde: 0 ms.
Durata nanosecunde: 0 nano.
=============== TURN 25 ================
Barca 0
Durata milisecunde: 0 ms.
Durata nanosecunde: 0 nano.
=============== TURN 26 ================
Barca 0
Durata milisecunde: 0 ms.
Durata nanosecunde: 0 nano.
=============== TURN 27 ================
Barca 0
Durata milisecunde: 0 ms.
Durata nanosecunde: 0 nano.
=============== TURN 28 ================
Barca 0
Durata milisecunde: 0 ms.
Durata nanosecunde: 0 nano.
=============== TURN 29 ================
Barca 0
Durata milisecunde: 0 ms.
Durata nanosecunde: 0 nano.
=============== TURN 30 ================
Barca 0
Durata milisecunde: 0 ms.
Durata nanosecunde: 0 nano.
=============== TURN 31 ================
Barca 0
Durata milisecunde: 0 ms.
Durata nanosecunde: 0 nano.
=============== TURN 32 ================
Barca 0
Durata milisecunde: 0 ms.
Durata nanosecunde: 0 nano.
=============== TURN 33 ================
Barca 0
Durata milisecunde: 0 ms.
Durata nanosecunde: 0 nano.
=============== TURN 34 ================
Barca 0
Durata milisecunde: 0 ms.
Durata nanosecunde: 0 nano.
=============== TURN 35 ================
Barca 0
Durata milisecunde: 0 ms.
Durata nanosecunde: 0 nano.
=============== TURN 36 ================
Barca 0
Durata milisecunde: 0 ms.
Durata nanosecunde: 0 nano.
=============== TURN 37 ================
Barca 0
Durata milisecunde: 0 ms.
Durata nanosecunde: 0 nano.
=============== TURN 38 ================
Barca 0
Durata milisecunde: 0 ms.
Durata nanosecunde: 0 nano.
=============== TURN 39 ================
Barca 0
Durata milisecunde: 0 ms.
Durata nanosecunde: 0 nano.
=============== TURN 40 ================
Barca 0
Durata milisecunde: 0 ms.
Durata nanosecunde: 0 nano.
=============== TURN 41 ================
Barca 0
Durata milisecunde: 0 ms.
Durata nanosecunde: 0 nano.
=============== TURN 42 ================
Barca 0
Durata milisecunde: 0 ms.
Durata nanosecunde: 0 nano.
=============== TURN 43 ================
Barca 0
Durata milisecunde: 0 ms.
Durata nanosecunde: 0 nano.
=============== TURN 44 ================
Barca 0
Durata milisecunde: 0 ms.
Durata nanosecunde: 0 nano.
=============== TURN 45 ================
Barca 0
Durata milisecunde: 0 ms.
Durata nanosecunde: 0 nano.
=============== TURN 46 ================
Barca 0
Durata milisecunde: 0 ms.
Durata nanosecunde: 0 nano.
=============== TURN 47 ================
Barca 0
Durata milisecunde: 0 ms.
Durata nanosecunde: 0 nano.
=============== TURN 48 ================
Barca 0
Durata milisecunde: 0 ms.
Durata nanosecunde: 0 nano.
=============== TURN 49 ================
Barca 0
Durata milisecunde: 0 ms.
Durata nanosecunde: 0 nano.
=============== TURN 50 ================
Barca 0
Durata milisecunde: 0 ms.
Durata nanosecunde: 0 nano.
=============== TURN 51 ================
Barca 0
Durata milisecunde: 0 ms.
Durata nanosecunde: 0 nano.
=============== TURN 52 ================
Barca 0
Durata milisecunde: 0 ms.
Durata nanosecunde: 0 nano.
=============== TURN 53 ================
Barca 0
Durata milisecunde: 0 ms.
Durata nanosecunde: 0 nano.
=============== TURN 54 ================
Barca 0
Durata milisecunde: 0 ms.
Durata nanosecunde: 0 nano.
=============== TURN 55 ================
Barca 0
Durata milisecunde: 0 ms.
Durata nanosecunde: 0 nano.
=============== TURN 56 ================
Barca 0
Durata milisecunde: 0 ms.
Durata nanosecunde: 0 nano.
=============== TURN 57 ================
Barca 0
Durata milisecunde: 0 ms.
Durata nanosecunde: 0 nano.
=============== TURN 58 ================
Barca 0
Durata milisecunde: 1 ms.
Durata nanosecunde: 1000000 nano.
=============== TURN 59 ================
Barca 0
Durata milisecunde: 0 ms.
Durata nanosecunde: 0 nano.
=============== TURN 60 ================
Barca 0
Durata milisecunde: 0 ms.
Durata nanosecunde: 0 nano.
=============== TURN 61 ================
Barca 0
Durata milisecunde: 0 ms.
Durata nanosecunde: 0 nano.
=============== TURN 62 ================
Barca 0
Durata milisecunde: 0 ms.
Durata nanosecunde: 0 nano.
=============== TURN 63 ================
Barca 0
Durata milisecunde: 0 ms.
Durata nanosecunde: 0 nano.
=============== TURN 64 ================
Barca 0
Durata milisecunde: 0 ms.
Durata nanosecunde: 0 nano.
=============== TURN 65 ================
Barca 0
Durata milisecunde: 0 ms.
Durata nanosecunde: 0 nano.
=============== TURN 66 ================
Barca 0
Durata milisecunde: 0 ms.
Durata nanosecunde: 0 nano.
=============== TURN 67 ================
Barca 0
Durata milisecunde: 0 ms.
Durata nanosecunde: 0 nano.
=============== TURN 68 ================
Barca 0
Durata milisecunde: 0 ms.
Durata nanosecunde: 0 nano.
=============== TURN 69 ================
Barca 0
Durata milisecunde: 0 ms.
Durata nanosecunde: 0 nano.
=============== TURN 70 ================
Barca 0
Durata milisecunde: 0 ms.
Durata nanosecunde: 0 nano.
=============== TURN 71 ================
Barca 0
Durata milisecunde: 0 ms.
Durata nanosecunde: 0 nano.
=============== TURN 72 ================
Barca 0
Durata milisecunde: 0 ms.
Durata nanosecunde: 0 nano.
=============== TURN 73 ================
Barca 0
Durata milisecunde: 0 ms.
Durata nanosecunde: 0 nano.
=============== TURN 74 ================
Barca 0
Durata milisecunde: 0 ms.
Durata nanosecunde: 0 nano.
=============== TURN 75 ================
Barca 0
Durata milisecunde: 0 ms.
Durata nanosecunde: 0 nano.
=============== TURN 76 ================
Barca 0
Durata milisecunde: 0 ms.
Durata nanosecunde: 0 nano.
=============== TURN 77 ================
Barca 0
Durata milisecunde: 0 ms.
Durata nanosecunde: 0 nano.
=============== TURN 78 ================
Barca 0
Durata milisecunde: 0 ms.
Durata nanosecunde: 0 nano.
=============== TURN 79 ================
Barca 0
Durata milisecunde: 0 ms.
Durata nanosecunde: 0 nano.
=============== TURN 80 ================
Barca 0
Durata milisecunde: 0 ms.
Durata nanosecunde: 0 nano.
=============== TURN 81 ================
Barca 0
Durata milisecunde: 0 ms.
Durata nanosecunde: 0 nano.
=============== TURN 82 ================
Barca 0
Durata milisecunde: 0 ms.
Durata nanosecunde: 0 nano.
=============== TURN 83 ================
Barca 0
Durata milisecunde: 0 ms.
Durata nanosecunde: 0 nano.
=============== TURN 84 ================
Barca 0
Durata milisecunde: 0 ms.
Durata nanosecunde: 0 nano.
=============== TURN 85 ================
Barca 0
Durata milisecunde: 0 ms.
Durata nanosecunde: 0 nano.
=============== TURN 86 ================
Barca 0
Durata milisecunde: 0 ms.
Durata nanosecunde: 0 nano.
=============== TURN 87 ================
Barca 0
Durata milisecunde: 0 ms.
Durata nanosecunde: 0 nano.
=============== TURN 88 ================
Barca 0
Durata milisecunde: 0 ms.
Durata nanosecunde: 0 nano.
=============== TURN 89 ================
Barca 0
Durata milisecunde: 0 ms.
Durata nanosecunde: 0 nano.
=============== TURN 90 ================
Barca 0
Durata milisecunde: 0 ms.
Durata nanosecunde: 0 nano.
=============== TURN 91 ================
Barca 0
Durata milisecunde: 0 ms.
Durata nanosecunde: 0 nano.
=============== TURN 92 ================
Barca 0
Durata milisecunde: 0 ms.
Durata nanosecunde: 0 nano.
=============== TURN 93 ================
Barca 0
Durata milisecunde: 1 ms.
Durata nanosecunde: 1000000 nano.
=============== TURN 94 ================
Barca 0
Durata milisecunde: 0 ms.
Durata nanosecunde: 0 nano.
=============== TURN 95 ================
Barca 0
Durata milisecunde: 0 ms.
Durata nanosecunde: 0 nano.
=============== TURN 96 ================
Barca 0
Durata milisecunde: 0 ms.
Durata nanosecunde: 0 nano.
=============== TURN 97 ================
Barca 0
Durata milisecunde: 0 ms.
Durata nanosecunde: 0 nano.
=============== TURN 98 ================
Barca 0
Durata milisecunde: 0 ms.
Durata nanosecunde: 0 nano.
=============== TURN 99 ================
Barca 0
Durata milisecunde: 0 ms.
Durata nanosecunde: 0 nano.
=============== TURN 100 ================
Barca 0
Durata milisecunde: 0 ms.
Durata nanosecunde: 0 nano.
=============== TURN 101 ================
Barca 0
Durata milisecunde: 0 ms.
Durata nanosecunde: 0 nano.
=============== TURN 102 ================
Barca 0
Durata milisecunde: 1 ms.
Durata nanosecunde: 1000000 nano.
=============== TURN 103 ================
Barca 0
Durata milisecunde: 0 ms.
Durata nanosecunde: 0 nano.
=============== TURN 104 ================
Barca 0
Durata milisecunde: 0 ms.
Durata nanosecunde: 0 nano.
=============== TURN 105 ================
Barca 0
Durata milisecunde: 0 ms.
Durata nanosecunde: 0 nano.
=============== TURN 106 ================
Barca 0
Durata milisecunde: 0 ms.
Durata nanosecunde: 0 nano.
=============== TURN 107 ================
Barca 0
Durata milisecunde: 0 ms.
Durata nanosecunde: 0 nano.
=============== TURN 108 ================
Barca 0
Durata milisecunde: 0 ms.
Durata nanosecunde: 0 nano.
=============== TURN 109 ================
Barca 0
Durata milisecunde: 0 ms.
Durata nanosecunde: 0 nano.
=============== TURN 110 ================
Barca 0
Durata milisecunde: 0 ms.
Durata nanosecunde: 0 nano.
=============== TURN 111 ================
Barca 0
Durata milisecunde: 0 ms.
Durata nanosecunde: 0 nano.
=============== TURN 112 ================
Barca 0
Durata milisecunde: 0 ms.
Durata nanosecunde: 0 nano.
=============== TURN 113 ================
Barca 0
Durata milisecunde: 0 ms.
Durata nanosecunde: 0 nano.
=============== TURN 114 ================
Barca 0
Durata milisecunde: 0 ms.
Durata nanosecunde: 0 nano.
=============== TURN 115 ================
Barca 0
Durata milisecunde: 1 ms.
Durata nanosecunde: 1000000 nano.
=============== TURN 116 ================
Barca 0
Durata milisecunde: 0 ms.
Durata nanosecunde: 0 nano.
=============== TURN 117 ================
Barca 0
Durata milisecunde: 0 ms.
Durata nanosecunde: 0 nano.
=============== TURN 118 ================
Barca 0
Durata milisecunde: 0 ms.
Durata nanosecunde: 0 nano.
=============== TURN 119 ================
Barca 0
Durata milisecunde: 0 ms.
Durata nanosecunde: 0 nano.
=============== TURN 120 ================
Barca 0
Durata milisecunde: 0 ms.
Durata nanosecunde: 0 nano.
=============== TURN 121 ================
Barca 0
Durata milisecunde: 0 ms.
Durata nanosecunde: 0 nano.
=============== TURN 122 ================
Barca 0
Durata milisecunde: 0 ms.
Durata nanosecunde: 0 nano.
=============== TURN 123 ================
Barca 0
Durata milisecunde: 0 ms.
Durata nanosecunde: 0 nano.
=============== TURN 124 ================
Barca 0
Durata milisecunde: 0 ms.
Durata nanosecunde: 0 nano.
=============== TURN 125 ================
Barca 0
Durata milisecunde: 0 ms.
Durata nanosecunde: 0 nano.
=============== TURN 126 ================
Barca 0
Durata milisecunde: 0 ms.
Durata nanosecunde: 0 nano.
=============== TURN 127 ================
Barca 0
Durata milisecunde: 0 ms.
Durata nanosecunde: 0 nano.
=============== TURN 128 ================
Barca 0
Durata milisecunde: 0 ms.
Durata nanosecunde: 0 nano.
=============== TURN 129 ================
Barca 0
Durata milisecunde: 0 ms.
Durata nanosecunde: 0 nano.
=============== TURN 130 ================
Barca 0
Durata milisecunde: 0 ms.
Durata nanosecunde: 0 nano.
=============== TURN 131 ================
Barca 0
Durata milisecunde: 0 ms.
Durata nanosecunde: 0 nano.
=============== TURN 132 ================
Barca 0
Durata milisecunde: 0 ms.
Durata nanosecunde: 0 nano.
=============== TURN 133 ================
Barca 0
Durata milisecunde: 0 ms.
Durata nanosecunde: 0 nano.
=============== TURN 134 ================
Barca 0
Durata milisecunde: 0 ms.
Durata nanosecunde: 0 nano.
=============== TURN 135 ================
Barca 0
Durata milisecunde: 0 ms.
Durata nanosecunde: 0 nano.
=============== TURN 136 ================
Barca 0
Durata milisecunde: 0 ms.
Durata nanosecunde: 0 nano.
=============== TURN 137 ================
Barca 0
Durata milisecunde: 0 ms.
Durata nanosecunde: 0 nano.
=============== TURN 138 ================
Barca 0
Durata milisecunde: 0 ms.
Durata nanosecunde: 0 nano.
=============== TURN 139 ================
Barca 0
Durata milisecunde: 0 ms.
Durata nanosecunde: 0 nano.
=============== TURN 140 ================
Barca 0
Durata milisecunde: 0 ms.
Durata nanosecunde: 0 nano.
=============== TURN 141 ================
Barca 0
Durata milisecunde: 0 ms.
Durata nanosecunde: 0 nano.
=============== TURN 142 ================
Barca 0
Durata milisecunde: 0 ms.
Durata nanosecunde: 0 nano.
=============== TURN 143 ================
Barca 0
Durata milisecunde: 0 ms.
Durata nanosecunde: 0 nano.
=============== TURN 144 ================
Barca 0
Durata milisecunde: 0 ms.
Durata nanosecunde: 0 nano.
=============== TURN 145 ================
Barca 0
Durata milisecunde: 0 ms.
Durata nanosecunde: 0 nano.
=============== TURN 146 ================
Barca 0
Durata milisecunde: 0 ms.
Durata nanosecunde: 0 nano.
=============== TURN 147 ================
Barca 0
Durata milisecunde: 0 ms.
Durata nanosecunde: 0 nano.
=============== TURN 148 ================
Barca 0
Durata milisecunde: 0 ms.
Durata nanosecunde: 0 nano.
=============== TURN 149 ================
Barca 0
Durata milisecunde: 0 ms.
Durata nanosecunde: 0 nano.
=============== TURN 150 ================
Barca 0
Durata milisecunde: 0 ms.
Durata nanosecunde: 0 nano.
=============== TURN 151 ================
Barca 0
Durata milisecunde: 0 ms.
Durata nanosecunde: 0 nano.
=============== TURN 152 ================
Barca 0
Durata milisecunde: 0 ms.
Durata nanosecunde: 0 nano.
=============== TURN 153 ================
Barca 0
Durata milisecunde: 0 ms.
Durata nanosecunde: 0 nano.
=============== TURN 154 ================
Barca 0
Durata milisecunde: 0 ms.
Durata nanosecunde: 0 nano.
=============== TURN 155 ================
Barca 0
Durata milisecunde: 0 ms.
Durata nanosecunde: 0 nano.
=============== TURN 156 ================
Barca 0
Durata milisecunde: 0 ms.
Durata nanosecunde: 0 nano.
=============== TURN 157 ================
Barca 0
Durata milisecunde: 0 ms.
Durata nanosecunde: 0 nano.
=============== TURN 158 ================
Barca 0
Durata milisecunde: 0 ms.
Durata nanosecunde: 0 nano.
=============== TURN 159 ================
Barca 0
Durata milisecunde: 0 ms.
Durata nanosecunde: 0 nano.
=============== TURN 160 ================
Barca 0
Durata milisecunde: 0 ms.
Durata nanosecunde: 0 nano.
=============== TURN 161 ================
Barca 0
Durata milisecunde: 0 ms.
Durata nanosecunde: 0 nano.
=============== TURN 162 ================
Barca 0
Durata milisecunde: 0 ms.
Durata nanosecunde: 0 nano.
=============== TURN 163 ================
Barca 0
Durata milisecunde: 0 ms.
Durata nanosecunde: 0 nano.
=============== TURN 164 ================
Barca 0
Durata milisecunde: 0 ms.
Durata nanosecunde: 0 nano.
=============== TURN 165 ================
Barca 0
Durata milisecunde: 0 ms.
Durata nanosecunde: 0 nano.
=============== TURN 166 ================
Barca 0
Durata milisecunde: 0 ms.
Durata nanosecunde: 0 nano.
=============== TURN 167 ================
Barca 0
Durata milisecunde: 0 ms.
Durata nanosecunde: 0 nano.
=============== TURN 168 ================
Barca 0
Durata milisecunde: 0 ms.
Durata nanosecunde: 0 nano.
=============== TURN 169 ================
Barca 0
Durata milisecunde: 0 ms.
Durata nanosecunde: 0 nano.
=============== TURN 170 ================
Barca 0
Durata milisecunde: 0 ms.
Durata nanosecunde: 0 nano.
=============== TURN 171 ================
Barca 0
Durata milisecunde: 0 ms.
Durata nanosecunde: 0 nano.
=============== TURN 172 ================
Barca 0
Durata milisecunde: 0 ms.
Durata nanosecunde: 0 nano.
=============== TURN 173 ================
Barca 0
Durata milisecunde: 0 ms.
Durata nanosecunde: 0 nano.
=============== TURN 174 ================
Barca 0
Durata milisecunde: 0 ms.
Durata nanosecunde: 0 nano.
=============== TURN 175 ================
Barca 0
Durata milisecunde: 0 ms.
Durata nanosecunde: 0 nano.
=============== TURN 176 ================
Barca 0
Durata milisecunde: 0 ms.
Durata nanosecunde: 0 nano.
=============== TURN 177 ================
Barca 0
Durata milisecunde: 0 ms.
Durata nanosecunde: 0 nano.
=============== TURN 178 ================
Barca 0
Durata milisecunde: 0 ms.
Durata nanosecunde: 0 nano.
=============== TURN 179 ================
Barca 0
Durata milisecunde: 0 ms.
Durata nanosecunde: 0 nano.
=============== TURN 180 ================
Barca 0
Durata milisecunde: 0 ms.
Durata nanosecunde: 0 nano.
=============== TURN 181 ================
Barca 0
Durata milisecunde: 0 ms.
Durata nanosecunde: 0 nano.
=============== TURN 182 ================
Barca 0
Durata milisecunde: 0 ms.
Durata nanosecunde: 0 nano.
=============== TURN 183 ================
Barca 0
Durata milisecunde: 0 ms.
Durata nanosecunde: 0 nano.
=============== TURN 184 ================
Barca 0
Durata milisecunde: 0 ms.
Durata nanosecunde: 0 nano.
=============== TURN 185 ================
Barca 0
Durata milisecunde: 0 ms.
Durata nanosecunde: 0 nano.
=============== TURN 186 ================
Barca 0
Durata milisecunde: 0 ms.
Durata nanosecunde: 0 nano.
=============== TURN 187 ================
Barca 0
Durata milisecunde: 0 ms.
Durata nanosecunde: 0 nano.
=============== TURN 188 ================
Barca 0
Durata milisecunde: 0 ms.
Durata nanosecunde: 0 nano.
=============== TURN 189 ================
Barca 0
Durata milisecunde: 0 ms.
Durata nanosecunde: 0 nano.
=============== TURN 190 ================
Barca 0
Durata milisecunde: 0 ms.
Durata nanosecunde: 0 nano.
=============== TURN 191 ================
Barca 0
Durata milisecunde: 0 ms.
Durata nanosecunde: 0 nano.
=============== TURN 192 ================
Barca 0
Durata milisecunde: 0 ms.
Durata nanosecunde: 0 nano.
=============== TURN 193 ================
Barca 0
Durata milisecunde: 0 ms.
Durata nanosecunde: 0 nano.
=============== TURN 194 ================
Barca 0
Durata milisecunde: 0 ms.
Durata nanosecunde: 0 nano.
=============== TURN 195 ================
Barca 0
Durata milisecunde: 0 ms.
Durata nanosecunde: 0 nano.
=============== TURN 196 ================
Barca 0
Durata milisecunde: 0 ms.
Durata nanosecunde: 0 nano.
=============== TURN 197 ================
Barca 0
Durata milisecunde: 0 ms.
Durata nanosecunde: 0 nano.
=============== TURN 198 ================
Barca 0
Durata milisecunde: 0 ms.
Durata nanosecunde: 0 nano.
=============== TURN 199 ================
Barca 0
Durata milisecunde: 0 ms.
Durata nanosecunde: 0 nano.
=============== TURN 200 ================
Barca 0
Durata milisecunde: 0 ms.
Durata nanosecunde: 0 nano.
=============== TURN 201 ================
Barca 0
Durata milisecunde: 0 ms.
Durata nanosecunde: 0 nano.
=============== TURN 202 ================
Barca 0
Durata milisecunde: 0 ms.
Durata nanosecunde: 0 nano.
=============== TURN 203 ================
Barca 0
Durata milisecunde: 0 ms.
Durata nanosecunde: 0 nano.
=============== TURN 204 ================
Barca 0
Durata milisecunde: 0 ms.
Durata nanosecunde: 0 nano.
=============== TURN 205 ================
Barca 0
Durata milisecunde: 0 ms.
Durata nanosecunde: 0 nano.
=============== TURN 206 ================
Barca 0
Durata milisecunde: 0 ms.
Durata nanosecunde: 0 nano.
=============== TURN 207 ================
Barca 0
Durata milisecunde: 0 ms.
Durata nanosecunde: 0 nano.
=============== TURN 208 ================
Barca 0
Durata milisecunde: 0 ms.
Durata nanosecunde: 0 nano.
=============== TURN 209 ================
Barca 0
Durata milisecunde: 0 ms.
Durata nanosecunde: 0 nano.
=============== TURN 210 ================
Barca 0
Durata milisecunde: 0 ms.
Durata nanosecunde: 0 nano.
=============== TURN 211 ================
Barca 0
Durata milisecunde: 0 ms.
Durata nanosecunde: 0 nano.
=============== TURN 212 ================
Barca 0
Durata milisecunde: 0 ms.
Durata nanosecunde: 0 nano.
=============== TURN 213 ================
Barca 0
Durata milisecunde: 0 ms.
Durata nanosecunde: 0 nano.
=============== TURN 214 ================
Barca 0
Durata milisecunde: 0 ms.
Durata nanosecunde: 0 nano.
=============== TURN 215 ================
Barca 0
Durata milisecunde: 0 ms.
Durata nanosecunde: 0 nano.
=============== TURN 216 ================
Barca 0
Durata milisecunde: 0 ms.
Durata nanosecunde: 0 nano.
=============== TURN 217 ================
Barca 0
Durata milisecunde: 0 ms.
Durata nanosecunde: 0 nano.
=============== TURN 218 ================
Barca 0
Durata milisecunde: 0 ms.
Durata nanosecunde: 0 nano.
=============== TURN 219 ================
Barca 0
Durata milisecunde: 0 ms.
Durata nanosecunde: 0 nano.
=============== TURN 220 ================
Barca 0
Durata milisecunde: 0 ms.
Durata nanosecunde: 0 nano.
=============== TURN 221 ================
Barca 0
Durata milisecunde: 0 ms.
Durata nanosecunde: 0 nano.
=============== TURN 222 ================
Barca 0
Durata milisecunde: 0 ms.
Durata nanosecunde: 0 nano.
=============== TURN 223 ================
Barca 0
Durata milisecunde: 0 ms.
Durata nanosecunde: 0 nano.
=============== TURN 224 ================
Barca 0
Durata milisecunde: 0 ms.
Durata nanosecunde: 0 nano.
=============== TURN 225 ================
Barca 0
Durata milisecunde: 0 ms.
Durata nanosecunde: 0 nano.
=============== TURN 226 ================
Barca 0
Durata milisecunde: 0 ms.
Durata nanosecunde: 0 nano.
=============== TURN 227 ================
Barca 0
Durata milisecunde: 0 ms.
Durata nanosecunde: 0 nano.
=============== TURN 228 ================
Barca 0
Durata milisecunde: 0 ms.
Durata nanosecunde: 0 nano.
=============== TURN 229 ================
Barca 0
Durata milisecunde: 0 ms.
Durata nanosecunde: 0 nano.
=============== TURN 230 ================
Barca 0
Durata milisecunde: 0 ms.
Durata nanosecunde: 0 nano.
=============== TURN 231 ================
Barca 0
Durata milisecunde: 0 ms.
Durata nanosecunde: 0 nano.
=============== TURN 232 ================
Barca 0
Durata milisecunde: 0 ms.
Durata nanosecunde: 0 nano.
=============== TURN 233 ================
Barca 0
Durata milisecunde: 0 ms.
Durata nanosecunde: 0 nano.
=============== TURN 234 ================
Barca 0
Durata milisecunde: 0 ms.
Durata nanosecunde: 0 nano.
=============== TURN 235 ================
Barca 0
Durata milisecunde: 0 ms.
Durata nanosecunde: 0 nano.
=============== TURN 236 ================
Barca 0
Durata milisecunde: 0 ms.
Durata nanosecunde: 0 nano.
=============== TURN 237 ================
Barca 0
Durata milisecunde: 0 ms.
Durata nanosecunde: 0 nano.
=============== TURN 238 ================
Barca 0
Durata milisecunde: 0 ms.
Durata nanosecunde: 0 nano.
=============== TURN 239 ================
Barca 0
Durata milisecunde: 0 ms.
Durata nanosecunde: 0 nano.
=============== TURN 240 ================
Barca 0
Durata milisecunde: 0 ms.
Durata nanosecunde: 0 nano.
=============== TURN 241 ================
Barca 0
Durata milisecunde: 0 ms.
Durata nanosecunde: 0 nano.
=============== TURN 242 ================
Barca 0
Durata milisecunde: 0 ms.
Durata nanosecunde: 0 nano.
=============== TURN 243 ================
Barca 0
Durata milisecunde: 0 ms.
Durata nanosecunde: 0 nano.
=============== TURN 244 ================
Barca 0
Durata milisecunde: 0 ms.
Durata nanosecunde: 0 nano.
=============== TURN 245 ================
Barca 0
Durata milisecunde: 0 ms.
Durata nanosecunde: 0 nano.
=============== TURN 246 ================
Barca 0
Durata milisecunde: 0 ms.
Durata nanosecunde: 0 nano.
=============== TURN 247 ================
Barca 0
Durata milisecunde: 0 ms.
Durata nanosecunde: 0 nano.
=============== TURN 248 ================
Barca 0
Durata milisecunde: 0 ms.
Durata nanosecunde: 0 nano.
=============== TURN 249 ================
Barca 0
Durata milisecunde: 0 ms.
Durata nanosecunde: 0 nano.
=============== TURN 250 ================
Barca 0
Durata milisecunde: 0 ms.
Durata nanosecunde: 0 nano.
=============== TURN 251 ================
Barca 0
Durata milisecunde: 0 ms.
Durata nanosecunde: 0 nano.
=============== TURN 252 ================
Barca 0
Durata milisecunde: 0 ms.
Durata nanosecunde: 0 nano.
=============== TURN 253 ================
Barca 0
Durata milisecunde: 0 ms.
Durata nanosecunde: 0 nano.
=============== TURN 254 ================
Barca 0
Durata milisecunde: 0 ms.
Durata nanosecunde: 0 nano.
=============== TURN 255 ================
Barca 0
Durata milisecunde: 0 ms.
Durata nanosecunde: 0 nano.
=============== TURN 256 ================
Barca 0
Durata milisecunde: 0 ms.
Durata nanosecunde: 0 nano.
=============== TURN 257 ================
Barca 0
Durata milisecunde: 0 ms.
Durata nanosecunde: 0 nano.
=============== TURN 258 ================
Barca 0
Durata milisecunde: 0 ms.
Durata nanosecunde: 0 nano.
=============== TURN 259 ================
Barca 0
Durata milisecunde: 0 ms.
Durata nanosecunde: 0 nano.
=============== TURN 260 ================
Barca 0
Durata milisecunde: 0 ms.
Durata nanosecunde: 0 nano.
=============== TURN 261 ================
Barca 0
Durata milisecunde: 0 ms.
Durata nanosecunde: 0 nano.
=============== TURN 262 ================
Barca 0
Durata milisecunde: 0 ms.
Durata nanosecunde: 0 nano.
=============== TURN 263 ================
Barca 0
Durata milisecunde: 0 ms.
Durata nanosecunde: 0 nano.
=============== TURN 264 ================
Barca 0
Durata milisecunde: 0 ms.
Durata nanosecunde: 0 nano.
=============== TURN 265 ================
Barca 0
Durata milisecunde: 0 ms.
Durata nanosecunde: 0 nano.
=============== TURN 266 ================
Barca 0
Durata milisecunde: 0 ms.
Durata nanosecunde: 0 nano.
=============== TURN 267 ================
Barca 0
Durata milisecunde: 0 ms.
Durata nanosecunde: 0 nano.
=============== TURN 268 ================
Barca 0
Durata milisecunde: 0 ms.
Durata nanosecunde: 0 nano.
=============== TURN 269 ================
Barca 0
Durata milisecunde: 0 ms.
Durata nanosecunde: 0 nano.
=============== TURN 270 ================
Barca 0
Durata milisecunde: 0 ms.
Durata nanosecunde: 0 nano.
=============== TURN 271 ================
Barca 0
Durata milisecunde: 0 ms.
Durata nanosecunde: 0 nano.
=============== TURN 272 ================
Barca 0
Durata milisecunde: 0 ms.
Durata nanosecunde: 0 nano.
=============== TURN 273 ================
Barca 0
Durata milisecunde: 0 ms.
Durata nanosecunde: 0 nano.
=============== TURN 274 ================
Barca 0
Durata milisecunde: 0 ms.
Durata nanosecunde: 0 nano.
=============== TURN 275 ================
Barca 0
Durata milisecunde: 0 ms.
Durata nanosecunde: 0 nano.
=============== TURN 276 ================
Barca 0
Durata milisecunde: 0 ms.
Durata nanosecunde: 0 nano.
=============== TURN 277 ================
Barca 0
Durata milisecunde: 0 ms.
Durata nanosecunde: 0 nano.
=============== TURN 278 ================
Barca 0
Durata milisecunde: 0 ms.
Durata nanosecunde: 0 nano.
=============== TURN 279 ================
Barca 0
Durata milisecunde: 0 ms.
Durata nanosecunde: 0 nano.
=============== TURN 280 ================
Barca 0
Durata milisecunde: 0 ms.
Durata nanosecunde: 0 nano.
=============== TURN 281 ================
Barca 0
Durata milisecunde: 0 ms.
Durata nanosecunde: 0 nano.
=============== TURN 282 ================
Barca 0
Durata milisecunde: 0 ms.
Durata nanosecunde: 0 nano.
=============== TURN 283 ================
Barca 0
Durata milisecunde: 0 ms.
Durata nanosecunde: 0 nano.
=============== TURN 284 ================
Barca 0
Durata milisecunde: 0 ms.
Durata nanosecunde: 0 nano.
=============== TURN 285 ================
Barca 0
Durata milisecunde: 0 ms.
Durata nanosecunde: 0 nano.
=============== TURN 286 ================
Barca 0
Durata milisecunde: 0 ms.
Durata nanosecunde: 0 nano.
=============== TURN 287 ================
Barca 0
Durata milisecunde: 0 ms.
Durata nanosecunde: 0 nano.
=============== TURN 288 ================
Barca 0
Durata milisecunde: 0 ms.
Durata nanosecunde: 0 nano.
=============== TURN 289 ================
Barca 0
Durata milisecunde: 0 ms.
Durata nanosecunde: 0 nano.
=============== TURN 290 ================
Barca 0
Durata milisecunde: 0 ms.
Durata nanosecunde: 0 nano.
=============== TURN 291 ================
Barca 0
Durata milisecunde: 0 ms.
Durata nanosecunde: 0 nano.
=============== TURN 292 ================
Barca 0
Durata milisecunde: 0 ms.
Durata nanosecunde: 0 nano.
=============== TURN 293 ================
Barca 0
Durata milisecunde: 0 ms.
Durata nanosecunde: 0 nano.
=============== TURN 294 ================
Barca 0
Durata milisecunde: 0 ms.
Durata nanosecunde: 0 nano.
=============== TURN 295 ================
Barca 0
Durata milisecunde: 0 ms.
Durata nanosecunde: 0 nano.
=============== TURN 296 ================
Barca 0
Durata milisecunde: 0 ms.
Durata nanosecunde: 0 nano.
=============== TURN 297 ================
Barca 0
Durata milisecunde: 0 ms.
Durata nanosecunde: 0 nano.
=============== TURN 298 ================
Barca 0
Durata milisecunde: 0 ms.
Durata nanosecunde: 0 nano.
=============== TURN 299 ================
Barca 0
Durata milisecunde: 0 ms.
Durata nanosecunde: 0 nano.
=============== TURN 300 ================
Barca 0
Durata milisecunde: 0 ms.
Durata nanosecunde: 0 nano.
=============== TURN 301 ================
Barca 0
Durata milisecunde: 0 ms.
Durata nanosecunde: 0 nano.
=============== TURN 302 ================
Barca 0
Durata milisecunde: 0 ms.
Durata nanosecunde: 0 nano.
=============== TURN 303 ================
Barca 0
Durata milisecunde: 0 ms.
Durata nanosecunde: 0 nano.
=============== TURN 304 ================
Barca 0
Durata milisecunde: 0 ms.
Durata nanosecunde: 0 nano.
=============== TURN 305 ================
Barca 0
Durata milisecunde: 0 ms.
Durata nanosecunde: 0 nano.
=============== TURN 306 ================
Barca 0
Durata milisecunde: 0 ms.
Durata nanosecunde: 0 nano.
=============== TURN 307 ================
Barca 0
Durata milisecunde: 0 ms.
Durata nanosecunde: 0 nano.
=============== TURN 308 ================
Barca 0
Durata milisecunde: 0 ms.
Durata nanosecunde: 0 nano.
=============== TURN 309 ================
Barca 0
Durata milisecunde: 0 ms.
Durata nanosecunde: 0 nano.
=============== TURN 310 ================
Barca 0
Durata milisecunde: 0 ms.
Durata nanosecunde: 0 nano.
=============== TURN 311 ================
Barca 0
Durata milisecunde: 0 ms.
Durata nanosecunde: 0 nano.
=============== TURN 312 ================
Barca 0
Durata milisecunde: 0 ms.
Durata nanosecunde: 0 nano.
=============== TURN 313 ================
Barca 0
Durata milisecunde: 0 ms.
Durata nanosecunde: 0 nano.
=============== TURN 314 ================
Barca 0
Durata milisecunde: 0 ms.
Durata nanosecunde: 0 nano.
=============== TURN 315 ================
Barca 0
Durata milisecunde: 0 ms.
Durata nanosecunde: 0 nano.
=============== TURN 316 ================
Barca 0
Durata milisecunde: 0 ms.
Durata nanosecunde: 0 nano.
=============== TURN 317 ================
Barca 0
Durata milisecunde: 0 ms.
Durata nanosecunde: 0 nano.
=============== TURN 318 ================
Barca 0
Durata milisecunde: 0 ms.
Durata nanosecunde: 0 nano.
=============== TURN 319 ================
Barca 0
Durata milisecunde: 0 ms.
Durata nanosecunde: 0 nano.
=============== TURN 320 ================
Barca 0
Durata milisecunde: 0 ms.
Durata nanosecunde: 0 nano.
=============== TURN 321 ================
Barca 0
Durata milisecunde: 0 ms.
Durata nanosecunde: 0 nano.
=============== TURN 322 ================
Barca 0
Durata milisecunde: 0 ms.
Durata nanosecunde: 0 nano.
=============== TURN 323 ================
Barca 0
Durata milisecunde: 0 ms.
Durata nanosecunde: 0 nano.
=============== TURN 324 ================
Barca 0
Durata milisecunde: 0 ms.
Durata nanosecunde: 0 nano.
=============== TURN 325 ================
Barca 0
Durata milisecunde: 0 ms.
Durata nanosecunde: 0 nano.
=============== TURN 326 ================
Barca 0
Durata milisecunde: 0 ms.
Durata nanosecunde: 0 nano.
=============== TURN 327 ================
Barca 0
Durata milisecunde: 0 ms.
Durata nanosecunde: 0 nano.
=============== TURN 328 ================
Barca 0
Durata milisecunde: 0 ms.
Durata nanosecunde: 0 nano.
=============== TURN 329 ================
Barca 0
Durata milisecunde: 0 ms.
Durata nanosecunde: 0 nano.
=============== TURN 330 ================
Barca 0
Durata milisecunde: 0 ms.
Durata nanosecunde: 0 nano.
=============== TURN 331 ================
Barca 0
Durata milisecunde: 0 ms.
Durata nanosecunde: 0 nano.
=============== TURN 332 ================
Barca 0
Durata milisecunde: 0 ms.
Durata nanosecunde: 0 nano.
=============== TURN 333 ================
Barca 0
Durata milisecunde: 0 ms.
Durata nanosecunde: 0 nano.
=============== TURN 334 ================
Barca 0
Durata milisecunde: 0 ms.
Durata nanosecunde: 0 nano.
=============== TURN 335 ================
Barca 0
Durata milisecunde: 0 ms.
Durata nanosecunde: 0 nano.
=============== TURN 336 ================
Barca 0
Durata milisecunde: 0 ms.
Durata nanosecunde: 0 nano.
=============== TURN 337 ================
Barca 0
Durata milisecunde: 0 ms.
Durata nanosecunde: 0 nano.
=============== TURN 338 ================
Barca 0
Durata milisecunde: 0 ms.
Durata nanosecunde: 0 nano.
=============== TURN 339 ================
Barca 0
Durata milisecunde: 0 ms.
Durata nanosecunde: 0 nano.
=============== TURN 340 ================
Barca 0
Durata milisecunde: 0 ms.
Durata nanosecunde: 0 nano.
=============== TURN 341 ================
Barca 0
Durata milisecunde: 0 ms.
Durata nanosecunde: 0 nano.
=============== TURN 342 ================
Barca 0
Durata milisecunde: 0 ms.
Durata nanosecunde: 0 nano.
=============== TURN 343 ================
Barca 0
Durata milisecunde: 0 ms.
Durata nanosecunde: 0 nano.
=============== TURN 344 ================
Barca 0
Durata milisecunde: 0 ms.
Durata nanosecunde: 0 nano.
=============== TURN 345 ================
Barca 0
Durata milisecunde: 0 ms.
Durata nanosecunde: 0 nano.
=============== TURN 346 ================
Barca 0
Durata milisecunde: 0 ms.
Durata nanosecunde: 0 nano.
=============== TURN 347 ================
Barca 0
Durata milisecunde: 0 ms.
Durata nanosecunde: 0 nano.
=============== TURN 348 ================
Barca 0
Durata milisecunde: 0 ms.
Durata nanosecunde: 0 nano.
=============== TURN 349 ================
Barca 0
Durata milisecunde: 0 ms.
Durata nanosecunde: 0 nano.
=============== TURN 350 ================
Barca 0
Durata milisecunde: 0 ms.
Durata nanosecunde: 0 nano.
=============== TURN 351 ================
Barca 0
Durata milisecunde: 0 ms.
Durata nanosecunde: 0 nano.
=============== TURN 352 ================
Barca 0
Durata milisecunde: 0 ms.
Durata nanosecunde: 0 nano.
=============== TURN 353 ================
Barca 0
Durata milisecunde: 0 ms.
Durata nanosecunde: 0 nano.
=============== TURN 354 ================
Barca 0
Durata milisecunde: 0 ms.
Durata nanosecunde: 0 nano.
=============== TURN 355 ================
Barca 0
Durata milisecunde: 0 ms.
Durata nanosecunde: 0 nano.
=============== TURN 356 ================
Barca 0
Durata milisecunde: 0 ms.
Durata nanosecunde: 0 nano.
=============== TURN 357 ================
Barca 0
Durata milisecunde: 0 ms.
Durata nanosecunde: 0 nano.
=============== TURN 358 ================
Barca 0
Durata milisecunde: 0 ms.
Durata nanosecunde: 0 nano.
=============== TURN 359 ================
Barca 0
Durata milisecunde: 0 ms.
Durata nanosecunde: 0 nano.
=============== TURN 360 ================
Barca 0
Durata milisecunde: 0 ms.
Durata nanosecunde: 0 nano.
=============== TURN 361 ================
Barca 0
Durata milisecunde: 0 ms.
Durata nanosecunde: 0 nano.
=============== TURN 362 ================
Barca 0
Durata milisecunde: 0 ms.
Durata nanosecunde: 0 nano.
=============== TURN 363 ================
Barca 0
Durata milisecunde: 0 ms.
Durata nanosecunde: 0 nano.
=============== TURN 364 ================
Barca 0
Durata milisecunde: 0 ms.
Durata nanosecunde: 0 nano.
=============== TURN 365 ================
Barca 0
Durata milisecunde: 0 ms.
Durata nanosecunde: 0 nano.
=============== TURN 366 ================
Barca 0
Durata milisecunde: 0 ms.
Durata nanosecunde: 0 nano.
=============== TURN 367 ================
Barca 0
Durata milisecunde: 0 ms.
Durata nanosecunde: 0 nano.
=============== TURN 368 ================
Barca 0
Durata milisecunde: 0 ms.
Durata nanosecunde: 0 nano.
=============== TURN 369 ================
Barca 0
Durata milisecunde: 0 ms.
Durata nanosecunde: 0 nano.
=============== TURN 370 ================
Barca 0
Durata milisecunde: 0 ms.
Durata nanosecunde: 0 nano.
=============== TURN 371 ================
Barca 0
Durata milisecunde: 1 ms.
Durata nanosecunde: 1000000 nano.
=============== TURN 372 ================
Barca 0
Durata milisecunde: 0 ms.
Durata nanosecunde: 0 nano.
=============== TURN 373 ================
Barca 0
Durata milisecunde: 0 ms.
Durata nanosecunde: 0 nano.
=============== TURN 374 ================
Barca 0
Durata milisecunde: 0 ms.
Durata nanosecunde: 0 nano.
=============== TURN 375 ================
Barca 0
Durata milisecunde: 0 ms.
Durata nanosecunde: 0 nano.
=============== TURN 376 ================
Barca 0
Durata milisecunde: 0 ms.
Durata nanosecunde: 0 nano.
=============== TURN 377 ================
Barca 0
Durata milisecunde: 0 ms.
Durata nanosecunde: 0 nano.
=============== TURN 378 ================
Barca 0
Durata milisecunde: 0 ms.
Durata nanosecunde: 0 nano.
=============== TURN 379 ================
Barca 0
Durata milisecunde: 0 ms.
Durata nanosecunde: 0 nano.
=============== TURN 380 ================
Barca 0
Durata milisecunde: 0 ms.
Durata nanosecunde: 0 nano.
=============== TURN 381 ================
Barca 0
Durata milisecunde: 0 ms.
Durata nanosecunde: 0 nano.
=============== TURN 382 ================
Barca 0
Durata milisecunde: 0 ms.
Durata nanosecunde: 0 nano.
=============== TURN 383 ================
Barca 0
Durata milisecunde: 0 ms.
Durata nanosecunde: 0 nano.
=============== TURN 384 ================
Barca 0
Durata milisecunde: 0 ms.
Durata nanosecunde: 0 nano.
=============== TURN 385 ================
Barca 0
Durata milisecunde: 0 ms.
Durata nanosecunde: 0 nano.
=============== TURN 386 ================
Barca 0
Durata milisecunde: 0 ms.
Durata nanosecunde: 0 nano.
=============== TURN 387 ================
Barca 0
Durata milisecunde: 0 ms.
Durata nanosecunde: 0 nano.
=============== TURN 388 ================
Barca 0
Durata milisecunde: 0 ms.
Durata nanosecunde: 0 nano.
=============== TURN 389 ================
Barca 0
Durata milisecunde: 0 ms.
Durata nanosecunde: 0 nano.
=============== TURN 390 ================
Barca 0
Durata milisecunde: 0 ms.
Durata nanosecunde: 0 nano.
=============== TURN 391 ================
Barca 0
Durata milisecunde: 0 ms.
Durata nanosecunde: 0 nano.
=============== TURN 392 ================
Barca 0
Durata milisecunde: 0 ms.
Durata nanosecunde: 0 nano.
=============== TURN 393 ================
Barca 0
Durata milisecunde: 0 ms.
Durata nanosecunde: 0 nano.
=============== TURN 394 ================
Barca 0
Durata milisecunde: 0 ms.
Durata nanosecunde: 0 nano.
=============== TURN 395 ================
Barca 0
Durata milisecunde: 0 ms.
Durata nanosecunde: 0 nano.
=============== TURN 396 ================
Barca 0
Durata milisecunde: 0 ms.
Durata nanosecunde: 0 nano.
=============== TURN 397 ================
Barca 0
Durata milisecunde: 0 ms.
Durata nanosecunde: 0 nano.
=============== TURN 398 ================
Barca 0
Durata milisecunde: 0 ms.
Durata nanosecunde: 0 nano.
=============== TURN 399 ================
Barca 0
Durata milisecunde: 0 ms.
Durata nanosecunde: 0 nano.
=============== TURN 400 ================
Barca 0
Durata milisecunde: 0 ms.
Durata nanosecunde: 0 nano.
